Command line invocation:
    /Applications/Xcode.app/Contents/Developer/usr/bin/xcodebuild -project ios-stations.xcodeproj -scheme ios-stations -sdk iphonesimulator -destination "platform=iOS Simulator,name=iPhone 15 Pro" "-only-testing:ios-stationsTests/ios_stationsTests/testStation4" test

User defaults from command line:
    IDEPackageSupportUseBuiltinSCM = YES

Build settings from command line:
    SDKROOT = iphonesimulator18.1

--- xcodebuild: WARNING: Using the first of multiple matching destinations:
{ platform:iOS Simulator, id:C122F28D-55CA-43A6-8A33-6778A41E1869, OS:18.1, name:iPhone 15 Pro }
{ platform:iOS Simulator, id:C122F28D-55CA-43A6-8A33-6778A41E1869, OS:18.1, name:iPhone 15 Pro }
Prepare packages

ComputeTargetDependencyGraph
note: Building targets in dependency order
note: Target dependency graph (3 targets)
    Target 'ios-stationsUITests' in project 'ios-stations'
        ➜ Explicit dependency on target 'ios-stations' in project 'ios-stations'
    Target 'ios-stationsTests' in project 'ios-stations'
        ➜ Explicit dependency on target 'ios-stations' in project 'ios-stations'
    Target 'ios-stations' in project 'ios-stations' (no dependencies)

GatherProvisioningInputs

CreateBuildDescription

ClangStatCache /Applications/Xcode.app/Contents/Developer/Toolchains/XcodeDefault.xctoolchain/usr/bin/clang-stat-cache /Applications/Xcode.app/Contents/Developer/Platforms/iPhoneSimulator.platform/Developer/SDKs/iPhoneSimulator18.1.sdk /Users/harukiwatanabe/Library/Developer/Xcode/DerivedData/SDKStatCaches.noindex/iphonesimulator18.1-22B74-3d93aac3a03ebac1dd8474c5def773dc.sdkstatcache
    cd /Users/harukiwatanabe/workspace/techTrain/ios-stations/ios-stations.xcodeproj
    /Applications/Xcode.app/Contents/Developer/Toolchains/XcodeDefault.xctoolchain/usr/bin/clang-stat-cache /Applications/Xcode.app/Contents/Developer/Platforms/iPhoneSimulator.platform/Developer/SDKs/iPhoneSimulator18.1.sdk -o /Users/harukiwatanabe/Library/Developer/Xcode/DerivedData/SDKStatCaches.noindex/iphonesimulator18.1-22B74-3d93aac3a03ebac1dd8474c5def773dc.sdkstatcache

Test Suite 'Selected tests' started at 2024-11-07 12:06:05.133.
Test Suite 'ios-stationsTests.xctest' started at 2024-11-07 12:06:05.133.
Test Suite 'ios_stationsTests' started at 2024-11-07 12:06:05.133.
Test Case '-[ios_stationsTests.ios_stationsTests testStation4]' started.
/Users/harukiwatanabe/workspace/techTrain/ios-stations/ios-stationsTests/ios_stationsTests.swift:55: error: -[ios_stationsTests.ios_stationsTests testStation4] : XCTUnwrap failed: expected non-nil value of type "UIColor" - view.backgroundColorが設定されていません
Test Case '-[ios_stationsTests.ios_stationsTests testStation4]' failed (0.029 seconds).
Test Suite 'ios_stationsTests' failed at 2024-11-07 12:06:05.163.
	 Executed 1 test, with 1 failure (0 unexpected) in 0.029 (0.030) seconds
Test Suite 'ios-stationsTests.xctest' failed at 2024-11-07 12:06:05.163.
	 Executed 1 test, with 1 failure (0 unexpected) in 0.029 (0.030) seconds
Test Suite 'Selected tests' failed at 2024-11-07 12:06:05.163.
	 Executed 1 test, with 1 failure (0 unexpected) in 0.029 (0.030) seconds
2024-11-07 12:06:14.600 xcodebuild[63277:9665265] [MT] IDETesting: Failed to construct test run summaries and write them to the result bundle: fileSystemFailure(reason: "mkstemp: No such file or directory")
2024-11-07 12:06:14.600 xcodebuild[63277:9665265] [MT] IDETestOperationsObserverDebug: 12.483 elapsed -- Testing started completed.
2024-11-07 12:06:14.600 xcodebuild[63277:9665265] [MT] IDETestOperationsObserverDebug: 0.000 sec, +0.000 sec -- start
2024-11-07 12:06:14.600 xcodebuild[63277:9665265] [MT] IDETestOperationsObserverDebug: 12.483 sec, +12.483 sec -- end
2024-11-07 12:06:14.688 xcodebuild[63277:9665265] [MT] IDEResultKit: Warning: While writing a result bundle to /Users/harukiwatanabe/Library/Developer/Xcode/DerivedData/ios-stations-bwbgytnurnjmykcpcbalavwmjqdi/Logs/Test/Test-ios-stations-2024.11.07_12-06-01-+0900.xcresult, not all contents have been imported, as the Staging directory still contains the following files/directories: ["1_Test"]
2024-11-07 12:06:14.691 xcodebuild[63277:9665265] [MT] IDETesting: Result bundle saving failed with error: Error Domain=IDEFoundationErrorDomain Code=12 "The result bundle could not be saved due to multiple errors: failed to import activity log, underlying error: fileSystemFailure(reason: "mkstemp: No such file or directory"), The operation couldn’t be completed. (CASDB.FileBackedCASDatabase.Error error 0.)" UserInfo={NSLocalizedDescription=The result bundle could not be saved due to multiple errors: failed to import activity log, underlying error: fileSystemFailure(reason: "mkstemp: No such file or directory"), The operation couldn’t be completed. (CASDB.FileBackedCASDatabase.Error error 0.), NSUnderlyingError=0x600001a39c80 {Error Domain=IDEFoundation.ResultBundleError Code=2 "failed to import activity log, underlying error: fileSystemFailure(reason: "mkstemp: No such file or directory")"}}.

Test session results, code coverage, and logs:
	/Users/harukiwatanabe/Library/Developer/Xcode/DerivedData/ios-stations-bwbgytnurnjmykcpcbalavwmjqdi/Logs/Test/Test-ios-stations-2024.11.07_12-06-01-+0900.xcresult

Failing tests:
	ios_stationsTests.testStation4()

** TEST FAILED **

Testing started
